0 info it worked if it ends with ok
1 verbose cli [ '/usr/local/bin/node', '/usr/local/bin/npm', 'run', 'test' ]
2 info using npm@3.10.10
3 info using node@v6.10.1
4 verbose run-script [ 'pretest', 'test', 'posttest' ]
5 info lifecycle yd-vue-kernel@1.0.0~pretest: yd-vue-kernel@1.0.0
6 silly lifecycle yd-vue-kernel@1.0.0~pretest: no script for pretest, continuing
7 info lifecycle yd-vue-kernel@1.0.0~test: yd-vue-kernel@1.0.0
8 verbose lifecycle yd-vue-kernel@1.0.0~test: unsafe-perm in lifecycle true
9 verbose lifecycle yd-vue-kernel@1.0.0~test: PATH: /usr/local/lib/node_modules/npm/bin/node-gyp-bin:/Users/yuanzhijia/Desktop/yd-vue-kernel/node_modules/.bin:/Users/yuanzhijia/Library/Android/sdk/tools:/Users/yuanzhijia/Library/Android/sdk/platform-tools:/Users/yuanzhijia/Library/Android/sdk:/Users/yuanzhijia/.yarn/bin:/Library/Frameworks/Python.framework/Versions/3.5/bin:/Applications/Cocos/tools/ant/bin:/Applications/Cocos/frameworks:/opt/cocos2d-x-3.13.1/templates:/opt:/opt/cocos2d-x-3.13.1/tools/cocos2d-console/bin:/usr/local/bin:/usr/bin:/bin:/usr/sbin:/sbin:/usr/local/git/bin:/Library/Frameworks/Mono.framework/Versions/Current/Commands:/Users/yuanzhijia/ruff-sdk-mac/bin:/Users/yuanzhijia/Library/Android/sdk/tools:/Users/yuanzhijia/Library/Android/sdk/platform-tools
10 verbose lifecycle yd-vue-kernel@1.0.0~test: CWD: /Users/yuanzhijia/Desktop/yd-vue-kernel
11 silly lifecycle yd-vue-kernel@1.0.0~test: Args: [ '-c', 'npm run unit && npm run e2e' ]
12 silly lifecycle yd-vue-kernel@1.0.0~test: Returned: code: 1  signal: null
13 info lifecycle yd-vue-kernel@1.0.0~test: Failed to exec test script
14 verbose stack Error: yd-vue-kernel@1.0.0 test: `npm run unit && npm run e2e`
14 verbose stack Exit status 1
14 verbose stack     at EventEmitter.<anonymous> (/usr/local/lib/node_modules/npm/lib/utils/lifecycle.js:255:16)
14 verbose stack     at emitTwo (events.js:106:13)
14 verbose stack     at EventEmitter.emit (events.js:191:7)
14 verbose stack     at ChildProcess.<anonymous> (/usr/local/lib/node_modules/npm/lib/utils/spawn.js:40:14)
14 verbose stack     at emitTwo (events.js:106:13)
14 verbose stack     at ChildProcess.emit (events.js:191:7)
14 verbose stack     at maybeClose (internal/child_process.js:886:16)
14 verbose stack     at Process.ChildProcess._handle.onexit (internal/child_process.js:226:5)
15 verbose pkgid yd-vue-kernel@1.0.0
16 verbose cwd /Users/yuanzhijia/Desktop/yd-vue-kernel
17 error Darwin 16.5.0
18 error argv "/usr/local/bin/node" "/usr/local/bin/npm" "run" "test"
19 error node v6.10.1
20 error npm  v3.10.10
21 error code ELIFECYCLE
22 error yd-vue-kernel@1.0.0 test: `npm run unit && npm run e2e`
22 error Exit status 1
23 error Failed at the yd-vue-kernel@1.0.0 test script 'npm run unit && npm run e2e'.
23 error Make sure you have the latest version of node.js and npm installed.
23 error If you do, this is most likely a problem with the yd-vue-kernel package,
23 error not with npm itself.
23 error Tell the author that this fails on your system:
23 error     npm run unit && npm run e2e
23 error You can get information on how to open an issue for this project with:
23 error     npm bugs yd-vue-kernel
23 error Or if that isn't available, you can get their info via:
23 error     npm owner ls yd-vue-kernel
23 error There is likely additional logging output above.
24 verbose exit [ 1, true ]
